<?xml version="1.0" encoding="UTF-8"?>
<testsuite name="hello.HelloWorldTests" tests="2" skipped="0" failures="0" errors="0" timestamp="2020-03-27T17:35:54" hostname="MiguelFerreira" time="0.062">
  <properties/>
  <testcase name="shouldPrintTimeToConsole" classname="hello.HelloWorldTests" time="0.061"/>
  <testcase name="shouldPrintHelloWorldToConsole" classname="hello.HelloWorldTests" time="0.001"/>
  <system-out><![CDATA[]]></system-out>
  <system-err><![CDATA[]]></system-err>
</testsuite>
